<?xml version="1.0" encoding="UTF-8"?>
<testsuite xmlns:xsi="http://www.w3.org/2001/XMLSchema-instance" xsi:noNamespaceSchemaLocation="https://maven.apache.org/surefire/maven-surefire-plugin/xsd/surefire-test-report.xsd" version="3.0.2" name="com.poc.pgp.EngineTest" time="0.174" tests="3" errors="0" skipped="0" failures="0">
  <properties>
[...]
</properties>
  <testcase name="testZeroByteFileRoundTrip" classname="com.poc.pgp.EngineTest" time="0.159"/>
  <testcase name="testInMemoryEngineRoundTrip" classname="com.poc.pgp.EngineTest" time="0.005"/>
  <testcase name="testStreamingEngineRoundTrip" classname="com.poc.pgp.EngineTest" time="0.005"/>
</testsuite>